---------------------------------------------------------------
[ 2020-05-18T21:09:57+08:00 ] 127.0.0.1 GET store.com/
[运行时间：0.014139s] [吞吐率：70.73req/s] [内存消耗：971.13kb] [文件加载：26]
[ info ] [ LANG ] D:\phpstudy_pro\WWW\store\thinkphp\lang\zh-cn.php
[ info ] [ ROUTE ] array (
  'type' => 'module',
  'module' => 
  array (
    0 => '',
    1 => NULL,
    2 => NULL,
  ),
)
[ info ] [ HEADER ] array (
  'cookie' => 'PHPSESSID=13p9lpmhcc8u71p5jp8aoeoq4o',
  'accept-language' => 'zh-CN,zh;q=0.9,en;q=0.8,en-GB;q=0.7,en-US;q=0.6',
  'accept-encoding' => 'gzip, deflate',
  'accept' => 'text/html,application/xhtml+xml,application/xml;q=0.9,image/webp,image/apng,*/*;q=0.8,application/signed-exchange;v=b3;q=0.9',
  'user-agent' => 'Mozilla/5.0 (Windows NT 10.0; Win64; x64) AppleWebKit/537.36 (KHTML, like Gecko) Chrome/84.0.4133.0 Safari/537.36 Edg/84.0.508.0',
  'upgrade-insecure-requests' => '1',
  'cache-control' => 'max-age=0',
  'connection' => 'close',
  'host' => 'store.com',
)
[ info ] [ PARAM ] array (
)
[ info ] [ RUN ] app\index\controller\Index->index[ D:\phpstudy_pro\WWW\store\application\index\controller\Index.php ]
[ info ] [ LOG ] INIT File
---------------------------------------------------------------
[ 2020-05-18T21:15:00+08:00 ] 127.0.0.1 GET store.com/
[运行时间：0.021466s] [吞吐率：46.59req/s] [内存消耗：1,337.40kb] [文件加载：35]
[ info ] [ LANG ] D:\phpstudy_pro\WWW\store\thinkphp\lang\zh-cn.php
[ info ] [ ROUTE ] array (
  'type' => 'module',
  'module' => 
  array (
    0 => '',
    1 => NULL,
    2 => NULL,
  ),
)
[ info ] [ HEADER ] array (
  'cookie' => 'PHPSESSID=13p9lpmhcc8u71p5jp8aoeoq4o',
  'accept-language' => 'zh-CN,zh;q=0.9,en;q=0.8,en-GB;q=0.7,en-US;q=0.6',
  'accept-encoding' => 'gzip, deflate',
  'accept' => 'text/html,application/xhtml+xml,application/xml;q=0.9,image/webp,image/apng,*/*;q=0.8,application/signed-exchange;v=b3;q=0.9',
  'user-agent' => 'Mozilla/5.0 (Windows NT 10.0; Win64; x64) AppleWebKit/537.36 (KHTML, like Gecko) Chrome/84.0.4133.0 Safari/537.36 Edg/84.0.508.0',
  'upgrade-insecure-requests' => '1',
  'cache-control' => 'max-age=0',
  'connection' => 'close',
  'host' => 'store.com',
)
[ info ] [ PARAM ] array (
)
[ info ] [ RUN ] app\index\controller\Index->index[ D:\phpstudy_pro\WWW\store\application\index\controller\Index.php ]
[ info ] [ VIEW ] D:\phpstudy_pro\WWW\store\public/../application/index\view\index\index.html [ array (
  0 => 'store_title',
) ]
[ info ] [ LOG ] INIT File
---------------------------------------------------------------
[ 2020-05-18T21:15:15+08:00 ] 127.0.0.1 GET store.com/
[运行时间：0.014413s] [吞吐率：69.38req/s] [内存消耗：1,337.44kb] [文件加载：35]
[ info ] [ LANG ] D:\phpstudy_pro\WWW\store\thinkphp\lang\zh-cn.php
[ info ] [ ROUTE ] array (
  'type' => 'module',
  'module' => 
  array (
    0 => '',
    1 => NULL,
    2 => NULL,
  ),
)
[ info ] [ HEADER ] array (
  'cookie' => 'PHPSESSID=13p9lpmhcc8u71p5jp8aoeoq4o',
  'accept-language' => 'zh-CN,zh;q=0.9,en;q=0.8,en-GB;q=0.7,en-US;q=0.6',
  'accept-encoding' => 'gzip, deflate',
  'accept' => 'text/html,application/xhtml+xml,application/xml;q=0.9,image/webp,image/apng,*/*;q=0.8,application/signed-exchange;v=b3;q=0.9',
  'user-agent' => 'Mozilla/5.0 (Windows NT 10.0; Win64; x64) AppleWebKit/537.36 (KHTML, like Gecko) Chrome/84.0.4133.0 Safari/537.36 Edg/84.0.508.0',
  'upgrade-insecure-requests' => '1',
  'cache-control' => 'max-age=0',
  'connection' => 'close',
  'host' => 'store.com',
)
[ info ] [ PARAM ] array (
)
[ info ] [ RUN ] app\index\controller\Index->index[ D:\phpstudy_pro\WWW\store\application\index\controller\Index.php ]
[ info ] [ VIEW ] D:\phpstudy_pro\WWW\store\public/../application/index\view\index\index.html [ array (
  0 => 'store_title',
) ]
[ info ] [ LOG ] INIT File
